[2021-04-29 11:32:17,266][__main__][INFO] - Choose dataset hubmap-256x256
[2021-04-29 11:32:17,267][__main__][INFO] - Tile size: 256
[2021-04-29 11:32:17,269][__main__][INFO] - Choose cross validation strategy with 5 folds
[2021-04-29 11:32:17,512][__main__][INFO] - Model: Unet
[2021-04-29 11:32:17,513][__main__][INFO] - Encoder: se_resnext50_32x4d
[2021-04-29 11:32:17,513][__main__][INFO] - Device: 0
[2021-04-29 11:32:21,962][__main__][INFO] - Number of parameters in the model: {'total': 34523969, 'trainable': 34523969}
[2021-04-29 11:32:21,963][__main__][INFO] - Optimizer: Adam
[2021-04-29 11:32:21,963][__main__][INFO] - Scheduler: None
[2021-04-29 11:32:21,964][__main__][INFO] - Criterion: JaccardLoss
[2021-04-29 11:32:21,964][__main__][INFO] - Batch size: 64
[2021-04-29 11:32:25,448][__main__][INFO] - ----------------------------------------------------------------------------------------------------
[2021-04-29 11:32:25,448][__main__][INFO] - Start training FOLD 0...
[2021-04-29 11:34:45,923][__main__][INFO] - Current learning rate: 0.0001
[2021-04-29 11:34:45,924][__main__][INFO] - Epoch 1 - avg_train_loss: 0.9461                     avg_val_loss: 0.9166  time: 140s
[2021-04-29 11:34:45,924][__main__][INFO] - Epoch: 1 - Val_loss: 0.9166368419800571 - Dice: 0.46104711294174194
[2021-04-29 11:34:45,926][__main__][INFO] - Epoch 1 - Save Best Dice: 0.4610
[2021-04-29 11:34:46,102][__main__][INFO] - Number of bad epochs 0
[2021-04-29 11:37:07,947][__main__][INFO] - Current learning rate: 0.0001
[2021-04-29 11:37:07,948][__main__][INFO] - Epoch 2 - avg_train_loss: 0.8888                     avg_val_loss: 0.8184  time: 142s
[2021-04-29 11:37:07,948][__main__][INFO] - Epoch: 2 - Val_loss: 0.8183674866230644 - Dice: 0.7309975624084473
[2021-04-29 11:37:07,950][__main__][INFO] - Epoch 2 - Save Best Dice: 0.7310
[2021-04-29 11:37:08,194][__main__][INFO] - Number of bad epochs 0
[2021-04-29 11:39:28,940][__main__][INFO] - Current learning rate: 0.0001
[2021-04-29 11:39:28,941][__main__][INFO] - Epoch 3 - avg_train_loss: 0.7101                     avg_val_loss: 0.5576  time: 141s
[2021-04-29 11:39:28,941][__main__][INFO] - Epoch: 3 - Val_loss: 0.5576189558709687 - Dice: 0.8607083559036255
[2021-04-29 11:39:28,942][__main__][INFO] - Epoch 3 - Save Best Dice: 0.8607
[2021-04-29 11:39:29,190][__main__][INFO] - Number of bad epochs 0
[2021-04-29 11:41:50,350][__main__][INFO] - Current learning rate: 0.0001
[2021-04-29 11:41:50,351][__main__][INFO] - Epoch 4 - avg_train_loss: 0.4367                     avg_val_loss: 0.3115  time: 141s
[2021-04-29 11:41:50,351][__main__][INFO] - Epoch: 4 - Val_loss: 0.311521664995644 - Dice: 0.9139333367347717
[2021-04-29 11:41:50,353][__main__][INFO] - Epoch 4 - Save Best Dice: 0.9139
[2021-04-29 11:41:50,595][__main__][INFO] - Number of bad epochs 0
[2021-04-29 11:44:12,265][__main__][INFO] - Current learning rate: 0.0001
[2021-04-29 11:44:12,266][__main__][INFO] - Epoch 5 - avg_train_loss: 0.2875                     avg_val_loss: 0.2311  time: 142s
[2021-04-29 11:44:12,266][__main__][INFO] - Epoch: 5 - Val_loss: 0.23110613888831594 - Dice: 0.9170505404472351
[2021-04-29 11:44:12,266][__main__][INFO] - Epoch 5 - Save Best Dice: 0.9171
[2021-04-29 11:44:12,523][__main__][INFO] - Number of bad epochs 0
[2021-04-29 11:46:34,274][__main__][INFO] - Current learning rate: 0.0001
[2021-04-29 11:46:34,274][__main__][INFO] - Epoch 6 - avg_train_loss: 0.2369                     avg_val_loss: 0.1918  time: 142s
[2021-04-29 11:46:34,275][__main__][INFO] - Epoch: 6 - Val_loss: 0.19175805374605573 - Dice: 0.9222877621650696
[2021-04-29 11:46:34,276][__main__][INFO] - Epoch 6 - Save Best Dice: 0.9223
[2021-04-29 11:46:34,524][__main__][INFO] - Number of bad epochs 0
[2021-04-29 11:48:56,271][__main__][INFO] - Current learning rate: 0.0001
[2021-04-29 11:48:56,272][__main__][INFO] - Epoch 7 - avg_train_loss: 0.2055                     avg_val_loss: 0.1849  time: 142s
[2021-04-29 11:48:56,273][__main__][INFO] - Epoch: 7 - Val_loss: 0.18494818264515556 - Dice: 0.9166306257247925
[2021-04-29 11:48:56,273][__main__][INFO] - Number of bad epochs 1
[2021-04-29 11:51:18,301][__main__][INFO] - Current learning rate: 0.0001
[2021-04-29 11:51:18,301][__main__][INFO] - Epoch 8 - avg_train_loss: 0.1854                     avg_val_loss: 0.1620  time: 142s
[2021-04-29 11:51:18,302][__main__][INFO] - Epoch: 8 - Val_loss: 0.16204711019094267 - Dice: 0.9258004426956177
[2021-04-29 11:51:18,303][__main__][INFO] - Epoch 8 - Save Best Dice: 0.9258
[2021-04-29 11:51:18,548][__main__][INFO] - Number of bad epochs 0
[2021-04-29 11:53:41,096][__main__][INFO] - Current learning rate: 0.0001
[2021-04-29 11:53:41,097][__main__][INFO] - Epoch 9 - avg_train_loss: 0.1807                     avg_val_loss: 0.1542  time: 143s
[2021-04-29 11:53:41,097][__main__][INFO] - Epoch: 9 - Val_loss: 0.1542336414806807 - Dice: 0.9269906282424927
[2021-04-29 11:53:41,099][__main__][INFO] - Epoch 9 - Save Best Dice: 0.9270
[2021-04-29 11:53:41,335][__main__][INFO] - Number of bad epochs 0
[2021-04-29 11:56:03,516][__main__][INFO] - Current learning rate: 0.0001
[2021-04-29 11:56:03,517][__main__][INFO] - Epoch 10 - avg_train_loss: 0.1755                     avg_val_loss: 0.1501  time: 142s
[2021-04-29 11:56:03,517][__main__][INFO] - Epoch: 10 - Val_loss: 0.15011978670580303 - Dice: 0.9269396066665649
[2021-04-29 11:56:03,519][__main__][INFO] - Number of bad epochs 1
[2021-04-29 11:58:23,721][__main__][INFO] - Current learning rate: 0.0001
[2021-04-29 11:58:23,722][__main__][INFO] - Epoch 11 - avg_train_loss: 0.1646                     avg_val_loss: 0.1487  time: 140s
[2021-04-29 11:58:23,722][__main__][INFO] - Epoch: 11 - Val_loss: 0.1487344155359508 - Dice: 0.926358163356781
[2021-04-29 11:58:23,724][__main__][INFO] - Number of bad epochs 2
[2021-04-29 12:00:44,768][__main__][INFO] - Current learning rate: 0.0001
[2021-04-29 12:00:44,768][__main__][INFO] - Epoch 12 - avg_train_loss: 0.1621                     avg_val_loss: 0.1599  time: 141s
[2021-04-29 12:00:44,768][__main__][INFO] - Epoch: 12 - Val_loss: 0.15992148629385022 - Dice: 0.918542206287384
[2021-04-29 12:00:44,771][__main__][INFO] - Number of bad epochs 3
[2021-04-29 12:03:05,698][__main__][INFO] - Current learning rate: 0.0001
[2021-04-29 12:03:05,699][__main__][INFO] - Epoch 13 - avg_train_loss: 0.1575                     avg_val_loss: 0.1517  time: 141s
[2021-04-29 12:03:05,699][__main__][INFO] - Epoch: 13 - Val_loss: 0.15168554962579928 - Dice: 0.922441303730011
[2021-04-29 12:03:05,700][__main__][INFO] - Number of bad epochs 4
[2021-04-29 12:05:25,849][__main__][INFO] - Current learning rate: 0.0001
[2021-04-29 12:05:25,850][__main__][INFO] - Epoch 14 - avg_train_loss: 0.1553                     avg_val_loss: 0.1508  time: 140s
[2021-04-29 12:05:25,850][__main__][INFO] - Epoch: 14 - Val_loss: 0.1508197603513248 - Dice: 0.9221755862236023
[2021-04-29 12:05:25,853][__main__][INFO] - Number of bad epochs 5
[2021-04-29 12:07:48,368][__main__][INFO] - Current learning rate: 0.0001
[2021-04-29 12:07:48,369][__main__][INFO] - Epoch 15 - avg_train_loss: 0.1548                     avg_val_loss: 0.1405  time: 143s
[2021-04-29 12:07:48,369][__main__][INFO] - Epoch: 15 - Val_loss: 0.14054478335021128 - Dice: 0.9277265667915344
[2021-04-29 12:07:48,371][__main__][INFO] - Epoch 15 - Save Best Dice: 0.9277
[2021-04-29 12:07:48,613][__main__][INFO] - Number of bad epochs 0
[2021-04-29 12:10:10,240][__main__][INFO] - Current learning rate: 0.0001
[2021-04-29 12:10:10,241][__main__][INFO] - Epoch 16 - avg_train_loss: 0.1544                     avg_val_loss: 0.1370  time: 142s
[2021-04-29 12:10:10,241][__main__][INFO] - Epoch: 16 - Val_loss: 0.13704057290925453 - Dice: 0.929298460483551
[2021-04-29 12:10:10,242][__main__][INFO] - Epoch 16 - Save Best Dice: 0.9293
[2021-04-29 12:10:10,490][__main__][INFO] - Number of bad epochs 0
[2021-04-29 12:12:32,048][__main__][INFO] - Current learning rate: 0.0001
[2021-04-29 12:12:32,049][__main__][INFO] - Epoch 17 - avg_train_loss: 0.1457                     avg_val_loss: 0.1398  time: 142s
[2021-04-29 12:12:32,049][__main__][INFO] - Epoch: 17 - Val_loss: 0.13980872038021758 - Dice: 0.9272975325584412
[2021-04-29 12:12:32,051][__main__][INFO] - Number of bad epochs 1
[2021-04-29 12:14:53,376][__main__][INFO] - Current learning rate: 0.0001
[2021-04-29 12:14:53,376][__main__][INFO] - Epoch 18 - avg_train_loss: 0.1477                     avg_val_loss: 0.1341  time: 141s
[2021-04-29 12:14:53,376][__main__][INFO] - Epoch: 18 - Val_loss: 0.1340825627796614 - Dice: 0.9303411245346069
[2021-04-29 12:14:53,378][__main__][INFO] - Epoch 18 - Save Best Dice: 0.9303
[2021-04-29 12:14:53,633][__main__][INFO] - Number of bad epochs 0
[2021-04-29 12:17:15,105][__main__][INFO] - Current learning rate: 0.0001
[2021-04-29 12:17:15,105][__main__][INFO] - Epoch 19 - avg_train_loss: 0.1425                     avg_val_loss: 0.1290  time: 141s
[2021-04-29 12:17:15,105][__main__][INFO] - Epoch: 19 - Val_loss: 0.12895446710251085 - Dice: 0.9329672455787659
[2021-04-29 12:17:15,107][__main__][INFO] - Epoch 19 - Save Best Dice: 0.9330
[2021-04-29 12:17:15,358][__main__][INFO] - Number of bad epochs 0
[2021-04-29 12:19:36,249][__main__][INFO] - Current learning rate: 0.0001
[2021-04-29 12:19:36,250][__main__][INFO] - Epoch 20 - avg_train_loss: 0.1447                     avg_val_loss: 0.1305  time: 141s
[2021-04-29 12:19:36,250][__main__][INFO] - Epoch: 20 - Val_loss: 0.1305018083534049 - Dice: 0.9318969249725342
[2021-04-29 12:19:36,252][__main__][INFO] - Number of bad epochs 1
[2021-04-29 12:21:56,309][__main__][INFO] - Current learning rate: 0.0001
[2021-04-29 12:21:56,310][__main__][INFO] - Epoch 21 - avg_train_loss: 0.1400                     avg_val_loss: 0.1266  time: 140s
[2021-04-29 12:21:56,310][__main__][INFO] - Epoch: 21 - Val_loss: 0.12664989436691132 - Dice: 0.9339004755020142
[2021-04-29 12:21:56,311][__main__][INFO] - Epoch 21 - Save Best Dice: 0.9339
[2021-04-29 12:21:56,578][__main__][INFO] - Number of bad epochs 0
[2021-04-29 12:24:19,937][__main__][INFO] - Current learning rate: 0.0001
[2021-04-29 12:24:19,938][__main__][INFO] - Epoch 22 - avg_train_loss: 0.1399                     avg_val_loss: 0.1321  time: 143s
[2021-04-29 12:24:19,938][__main__][INFO] - Epoch: 22 - Val_loss: 0.13210275526621834 - Dice: 0.9305145144462585
[2021-04-29 12:24:19,939][__main__][INFO] - Number of bad epochs 1
[2021-04-29 12:26:42,550][__main__][INFO] - Current learning rate: 0.0001
[2021-04-29 12:26:42,551][__main__][INFO] - Epoch 23 - avg_train_loss: 0.1411                     avg_val_loss: 0.1210  time: 143s
[2021-04-29 12:26:42,551][__main__][INFO] - Epoch: 23 - Val_loss: 0.12097643074677818 - Dice: 0.9368522763252258
[2021-04-29 12:26:42,553][__main__][INFO] - Epoch 23 - Save Best Dice: 0.9369
[2021-04-29 12:26:42,791][__main__][INFO] - Number of bad epochs 0
[2021-04-29 12:29:05,488][__main__][INFO] - Current learning rate: 0.0001
[2021-04-29 12:29:05,489][__main__][INFO] - Epoch 24 - avg_train_loss: 0.1406                     avg_val_loss: 0.1301  time: 143s
[2021-04-29 12:29:05,489][__main__][INFO] - Epoch: 24 - Val_loss: 0.13014997573354137 - Dice: 0.9315168857574463
[2021-04-29 12:29:05,489][__main__][INFO] - Number of bad epochs 1
[2021-04-29 12:31:27,764][__main__][INFO] - Current learning rate: 0.0001
[2021-04-29 12:31:27,764][__main__][INFO] - Epoch 25 - avg_train_loss: 0.1363                     avg_val_loss: 0.1353  time: 142s
[2021-04-29 12:31:27,764][__main__][INFO] - Epoch: 25 - Val_loss: 0.13533076299494834 - Dice: 0.9284263849258423
[2021-04-29 12:31:27,766][__main__][INFO] - Number of bad epochs 2
[2021-04-29 12:33:49,821][__main__][INFO] - Current learning rate: 0.0001
[2021-04-29 12:33:49,822][__main__][INFO] - Epoch 26 - avg_train_loss: 0.1416                     avg_val_loss: 0.1240  time: 142s
[2021-04-29 12:33:49,822][__main__][INFO] - Epoch: 26 - Val_loss: 0.12395852612490631 - Dice: 0.9347991347312927
[2021-04-29 12:33:49,824][__main__][INFO] - Number of bad epochs 3
[2021-04-29 12:36:11,606][__main__][INFO] - Current learning rate: 0.0001
[2021-04-29 12:36:11,607][__main__][INFO] - Epoch 27 - avg_train_loss: 0.1370                     avg_val_loss: 0.1255  time: 142s
[2021-04-29 12:36:11,607][__main__][INFO] - Epoch: 27 - Val_loss: 0.12549750259773215 - Dice: 0.9338410496711731
[2021-04-29 12:36:11,607][__main__][INFO] - Number of bad epochs 4
[2021-04-29 12:38:32,931][__main__][INFO] - Current learning rate: 0.0001
[2021-04-29 12:38:32,932][__main__][INFO] - Epoch 28 - avg_train_loss: 0.1369                     avg_val_loss: 0.1307  time: 141s
[2021-04-29 12:38:32,932][__main__][INFO] - Epoch: 28 - Val_loss: 0.13072895201007326 - Dice: 0.9308565258979797
[2021-04-29 12:38:32,934][__main__][INFO] - Number of bad epochs 5
[2021-04-29 12:40:55,290][__main__][INFO] - Current learning rate: 0.0001
[2021-04-29 12:40:55,290][__main__][INFO] - Epoch 29 - avg_train_loss: 0.1433                     avg_val_loss: 0.1288  time: 142s
[2021-04-29 12:40:55,290][__main__][INFO] - Epoch: 29 - Val_loss: 0.12884928706902354 - Dice: 0.9316911101341248
[2021-04-29 12:40:55,292][__main__][INFO] - Number of bad epochs 6
[2021-04-29 12:43:16,929][__main__][INFO] - Current learning rate: 0.0001
[2021-04-29 12:43:16,930][__main__][INFO] - Epoch 30 - avg_train_loss: 0.1388                     avg_val_loss: 0.1288  time: 142s
[2021-04-29 12:43:16,930][__main__][INFO] - Epoch: 30 - Val_loss: 0.12875616358752226 - Dice: 0.9316304326057434
[2021-04-29 12:43:16,931][__main__][INFO] - Number of bad epochs 7
[2021-04-29 12:45:38,623][__main__][INFO] - Current learning rate: 0.0001
[2021-04-29 12:45:38,623][__main__][INFO] - Epoch 31 - avg_train_loss: 0.1349                     avg_val_loss: 0.1281  time: 142s
[2021-04-29 12:45:38,623][__main__][INFO] - Epoch: 31 - Val_loss: 0.12812373548296827 - Dice: 0.9320170879364014
[2021-04-29 12:45:38,624][__main__][INFO] - Number of bad epochs 8
[2021-04-29 12:48:00,189][__main__][INFO] - Current learning rate: 0.0001
[2021-04-29 12:48:00,190][__main__][INFO] - Epoch 32 - avg_train_loss: 0.1302                     avg_val_loss: 0.1253  time: 142s
[2021-04-29 12:48:00,190][__main__][INFO] - Epoch: 32 - Val_loss: 0.12525544130622443 - Dice: 0.9335443377494812
[2021-04-29 12:48:00,192][__main__][INFO] - Number of bad epochs 9
[2021-04-29 12:50:22,897][__main__][INFO] - Current learning rate: 0.0001
[2021-04-29 12:50:22,898][__main__][INFO] - Epoch 33 - avg_train_loss: 0.1283                     avg_val_loss: 0.1302  time: 143s
[2021-04-29 12:50:22,898][__main__][INFO] - Epoch: 33 - Val_loss: 0.13022406029341807 - Dice: 0.9306120872497559
[2021-04-29 12:50:22,898][__main__][INFO] - Number of bad epochs 10
[2021-04-29 12:52:45,141][__main__][INFO] - Current learning rate: 0.0001
[2021-04-29 12:52:45,141][__main__][INFO] - Epoch 34 - avg_train_loss: 0.1327                     avg_val_loss: 0.1339  time: 142s
[2021-04-29 12:52:45,141][__main__][INFO] - Epoch: 34 - Val_loss: 0.133850905404019 - Dice: 0.9285028576850891
[2021-04-29 12:52:45,143][__main__][INFO] - Number of bad epochs 11
[2021-04-29 12:52:45,144][__main__][INFO] - Stop the training, since the score has not improved for 10 epochs!
[2021-04-29 12:52:45,318][__main__][INFO] - AFTER TRAINING FOLD 0: Epoch 23: Best Dice score: 0.9369
[2021-04-29 12:52:48,678][__main__][INFO] - ----------------------------------------------------------------------------------------------------
[2021-04-29 12:52:48,678][__main__][INFO] - Start training FOLD 1...
[2021-04-29 12:55:10,093][__main__][INFO] - Current learning rate: 0.0001
[2021-04-29 12:55:10,093][__main__][INFO] - Epoch 1 - avg_train_loss: 0.1337                     avg_val_loss: 0.1156  time: 141s
[2021-04-29 12:55:10,093][__main__][INFO] - Epoch: 1 - Val_loss: 0.11555805954278685 - Dice: 0.9393307566642761
[2021-04-29 12:55:10,095][__main__][INFO] - Epoch 1 - Save Best Dice: 0.9393
[2021-04-29 12:55:10,273][__main__][INFO] - Number of bad epochs 0
[2021-04-29 12:57:32,486][__main__][INFO] - Current learning rate: 0.0001
[2021-04-29 12:57:32,486][__main__][INFO] - Epoch 2 - avg_train_loss: 0.1363                     avg_val_loss: 0.1219  time: 142s
[2021-04-29 12:57:32,487][__main__][INFO] - Epoch: 2 - Val_loss: 0.12188227807774263 - Dice: 0.9356570243835449
[2021-04-29 12:57:32,488][__main__][INFO] - Number of bad epochs 1
[2021-04-29 12:59:53,683][__main__][INFO] - Current learning rate: 0.0001
[2021-04-29 12:59:53,684][__main__][INFO] - Epoch 3 - avg_train_loss: 0.1340                     avg_val_loss: 0.1235  time: 141s
[2021-04-29 12:59:53,684][__main__][INFO] - Epoch: 3 - Val_loss: 0.12348816067564722 - Dice: 0.9346646070480347
[2021-04-29 12:59:53,685][__main__][INFO] - Number of bad epochs 2
[2021-04-29 13:02:12,094][__main__][INFO] - Current learning rate: 0.0001
[2021-04-29 13:02:12,095][__main__][INFO] - Epoch 4 - avg_train_loss: 0.1359                     avg_val_loss: 0.1235  time: 138s
[2021-04-29 13:02:12,095][__main__][INFO] - Epoch: 4 - Val_loss: 0.12350058251736211 - Dice: 0.9345870614051819
[2021-04-29 13:02:12,097][__main__][INFO] - Number of bad epochs 3
[2021-04-29 13:04:33,241][__main__][INFO] - Current learning rate: 0.0001
[2021-04-29 13:04:33,241][__main__][INFO] - Epoch 5 - avg_train_loss: 0.1288                     avg_val_loss: 0.1233  time: 141s
[2021-04-29 13:04:33,242][__main__][INFO] - Epoch: 5 - Val_loss: 0.12330893862481211 - Dice: 0.9346634149551392
[2021-04-29 13:04:33,244][__main__][INFO] - Number of bad epochs 4
[2021-04-29 13:06:54,421][__main__][INFO] - Current learning rate: 0.0001
[2021-04-29 13:06:54,421][__main__][INFO] - Epoch 6 - avg_train_loss: 0.1294                     avg_val_loss: 0.1245  time: 141s
[2021-04-29 13:06:54,421][__main__][INFO] - Epoch: 6 - Val_loss: 0.12450724746666703 - Dice: 0.9339649081230164
[2021-04-29 13:06:54,423][__main__][INFO] - Number of bad epochs 5
[2021-04-29 13:09:15,341][__main__][INFO] - Current learning rate: 0.0001
[2021-04-29 13:09:15,342][__main__][INFO] - Epoch 7 - avg_train_loss: 0.1326                     avg_val_loss: 0.1214  time: 141s
[2021-04-29 13:09:15,342][__main__][INFO] - Epoch: 7 - Val_loss: 0.12139905410654404 - Dice: 0.9357289671897888
[2021-04-29 13:09:15,344][__main__][INFO] - Number of bad epochs 6
[2021-04-29 13:11:36,507][__main__][INFO] - Current learning rate: 0.0001
[2021-04-29 13:11:36,508][__main__][INFO] - Epoch 8 - avg_train_loss: 0.1396                     avg_val_loss: 0.1201  time: 141s
[2021-04-29 13:11:36,508][__main__][INFO] - Epoch: 8 - Val_loss: 0.12010393937428793 - Dice: 0.9363576173782349
[2021-04-29 13:11:36,510][__main__][INFO] - Number of bad epochs 7
[2021-04-29 13:13:58,812][__main__][INFO] - Current learning rate: 0.0001
[2021-04-29 13:13:58,812][__main__][INFO] - Epoch 9 - avg_train_loss: 0.1298                     avg_val_loss: 0.1253  time: 142s
[2021-04-29 13:13:58,812][__main__][INFO] - Epoch: 9 - Val_loss: 0.12526735301111258 - Dice: 0.9334449172019958
[2021-04-29 13:13:58,814][__main__][INFO] - Number of bad epochs 8
[2021-04-29 13:16:20,228][__main__][INFO] - Current learning rate: 0.0001
[2021-04-29 13:16:20,228][__main__][INFO] - Epoch 10 - avg_train_loss: 0.1231                     avg_val_loss: 0.1297  time: 141s
[2021-04-29 13:16:20,228][__main__][INFO] - Epoch: 10 - Val_loss: 0.12967118842929018 - Dice: 0.9308130741119385
[2021-04-29 13:16:20,230][__main__][INFO] - Number of bad epochs 9
[2021-04-29 13:18:41,867][__main__][INFO] - Current learning rate: 0.0001
[2021-04-29 13:18:41,867][__main__][INFO] - Epoch 11 - avg_train_loss: 0.1302                     avg_val_loss: 0.1213  time: 142s
[2021-04-29 13:18:41,867][__main__][INFO] - Epoch: 11 - Val_loss: 0.1213450595444324 - Dice: 0.9356676340103149
[2021-04-29 13:18:41,868][__main__][INFO] - Number of bad epochs 10
[2021-04-29 13:21:04,035][__main__][INFO] - Current learning rate: 0.0001
[2021-04-29 13:21:04,036][__main__][INFO] - Epoch 12 - avg_train_loss: 0.1329                     avg_val_loss: 0.1260  time: 142s
[2021-04-29 13:21:04,036][__main__][INFO] - Epoch: 12 - Val_loss: 0.1259730469946768 - Dice: 0.9328597784042358
[2021-04-29 13:21:04,037][__main__][INFO] - Number of bad epochs 11
[2021-04-29 13:21:04,038][__main__][INFO] - Stop the training, since the score has not improved for 10 epochs!
[2021-04-29 13:21:04,222][__main__][INFO] - AFTER TRAINING FOLD 1: Epoch 1: Best Dice score: 0.9393
[2021-04-29 13:21:07,481][__main__][INFO] - ----------------------------------------------------------------------------------------------------
[2021-04-29 13:21:07,481][__main__][INFO] - Start training FOLD 2...
[2021-04-29 13:23:24,509][__main__][INFO] - Current learning rate: 0.0001
[2021-04-29 13:23:24,509][__main__][INFO] - Epoch 1 - avg_train_loss: 0.1368                     avg_val_loss: 0.1167  time: 137s
[2021-04-29 13:23:24,509][__main__][INFO] - Epoch: 1 - Val_loss: 0.11669328113961859 - Dice: 0.9381172060966492
[2021-04-29 13:23:24,511][__main__][INFO] - Epoch 1 - Save Best Dice: 0.9381
[2021-04-29 13:23:24,684][__main__][INFO] - Number of bad epochs 0
[2021-04-29 13:25:41,484][__main__][INFO] - Current learning rate: 0.0001
[2021-04-29 13:25:41,485][__main__][INFO] - Epoch 2 - avg_train_loss: 0.1279                     avg_val_loss: 0.1158  time: 137s
[2021-04-29 13:25:41,485][__main__][INFO] - Epoch: 2 - Val_loss: 0.11577027915068316 - Dice: 0.9386956095695496
[2021-04-29 13:25:41,486][__main__][INFO] - Epoch 2 - Save Best Dice: 0.9387
[2021-04-29 13:25:41,742][__main__][INFO] - Number of bad epochs 0
[2021-04-29 13:27:58,995][__main__][INFO] - Current learning rate: 0.0001
[2021-04-29 13:27:58,996][__main__][INFO] - Epoch 3 - avg_train_loss: 0.1296                     avg_val_loss: 0.1153  time: 137s
[2021-04-29 13:27:58,996][__main__][INFO] - Epoch: 3 - Val_loss: 0.11533771386289868 - Dice: 0.9389310479164124
[2021-04-29 13:27:58,998][__main__][INFO] - Epoch 3 - Save Best Dice: 0.9389
[2021-04-29 13:27:59,239][__main__][INFO] - Number of bad epochs 0
[2021-04-29 13:30:17,084][__main__][INFO] - Current learning rate: 0.0001
[2021-04-29 13:30:17,085][__main__][INFO] - Epoch 4 - avg_train_loss: 0.1286                     avg_val_loss: 0.1165  time: 138s
[2021-04-29 13:30:17,085][__main__][INFO] - Epoch: 4 - Val_loss: 0.1164956310723101 - Dice: 0.938245415687561
[2021-04-29 13:30:17,085][__main__][INFO] - Number of bad epochs 1
[2021-04-29 13:32:34,288][__main__][INFO] - Current learning rate: 0.0001
[2021-04-29 13:32:34,289][__main__][INFO] - Epoch 5 - avg_train_loss: 0.1290                     avg_val_loss: 0.1249  time: 137s
[2021-04-29 13:32:34,289][__main__][INFO] - Epoch: 5 - Val_loss: 0.1249446249608583 - Dice: 0.9332451820373535
[2021-04-29 13:32:34,291][__main__][INFO] - Number of bad epochs 2
[2021-04-29 13:34:52,066][__main__][INFO] - Current learning rate: 0.0001
[2021-04-29 13:34:52,067][__main__][INFO] - Epoch 6 - avg_train_loss: 0.1269                     avg_val_loss: 0.1239  time: 138s
[2021-04-29 13:34:52,067][__main__][INFO] - Epoch: 6 - Val_loss: 0.12392037801874255 - Dice: 0.9339562058448792
[2021-04-29 13:34:52,069][__main__][INFO] - Number of bad epochs 3
[2021-04-29 13:37:04,855][__main__][INFO] - Current learning rate: 0.0001
[2021-04-29 13:37:04,855][__main__][INFO] - Epoch 7 - avg_train_loss: 0.1306                     avg_val_loss: 0.1187  time: 133s
[2021-04-29 13:37:04,856][__main__][INFO] - Epoch: 7 - Val_loss: 0.11868034277767985 - Dice: 0.9369891881942749
[2021-04-29 13:37:04,856][__main__][INFO] - Number of bad epochs 4
[2021-04-29 13:39:22,441][__main__][INFO] - Current learning rate: 0.0001
[2021-04-29 13:39:22,442][__main__][INFO] - Epoch 8 - avg_train_loss: 0.1253                     avg_val_loss: 0.1180  time: 138s
[2021-04-29 13:39:22,442][__main__][INFO] - Epoch: 8 - Val_loss: 0.1179697768267919 - Dice: 0.9372787475585938
[2021-04-29 13:39:22,443][__main__][INFO] - Number of bad epochs 5
[2021-04-29 13:41:38,413][__main__][INFO] - Current learning rate: 0.0001
[2021-04-29 13:41:38,413][__main__][INFO] - Epoch 9 - avg_train_loss: 0.1240                     avg_val_loss: 0.1193  time: 136s
[2021-04-29 13:41:38,414][__main__][INFO] - Epoch: 9 - Val_loss: 0.11925526535869323 - Dice: 0.9364597797393799
[2021-04-29 13:41:38,415][__main__][INFO] - Number of bad epochs 6
[2021-04-29 13:43:54,808][__main__][INFO] - Current learning rate: 0.0001
[2021-04-29 13:43:54,808][__main__][INFO] - Epoch 10 - avg_train_loss: 0.1202                     avg_val_loss: 0.1176  time: 136s
[2021-04-29 13:43:54,808][__main__][INFO] - Epoch: 10 - Val_loss: 0.11758651576518625 - Dice: 0.9376084804534912
[2021-04-29 13:43:54,809][__main__][INFO] - Number of bad epochs 7
[2021-04-29 13:46:11,230][__main__][INFO] - Current learning rate: 0.0001
[2021-04-29 13:46:11,230][__main__][INFO] - Epoch 11 - avg_train_loss: 0.1277                     avg_val_loss: 0.1157  time: 136s
[2021-04-29 13:46:11,230][__main__][INFO] - Epoch: 11 - Val_loss: 0.11574881813760506 - Dice: 0.9386199712753296
[2021-04-29 13:46:11,232][__main__][INFO] - Number of bad epochs 8
[2021-04-29 13:48:29,917][__main__][INFO] - Current learning rate: 0.0001
[2021-04-29 13:48:29,918][__main__][INFO] - Epoch 12 - avg_train_loss: 0.1268                     avg_val_loss: 0.1230  time: 139s
[2021-04-29 13:48:29,918][__main__][INFO] - Epoch: 12 - Val_loss: 0.12298045397579525 - Dice: 0.9344609379768372
[2021-04-29 13:48:29,918][__main__][INFO] - Number of bad epochs 9
[2021-04-29 13:50:48,617][__main__][INFO] - Current learning rate: 0.0001
[2021-04-29 13:50:48,618][__main__][INFO] - Epoch 13 - avg_train_loss: 0.1224                     avg_val_loss: 0.1176  time: 139s
[2021-04-29 13:50:48,618][__main__][INFO] - Epoch: 13 - Val_loss: 0.11758551885208204 - Dice: 0.9375337362289429
[2021-04-29 13:50:48,619][__main__][INFO] - Number of bad epochs 10
[2021-04-29 13:53:04,666][__main__][INFO] - Current learning rate: 0.0001
[2021-04-29 13:53:04,667][__main__][INFO] - Epoch 14 - avg_train_loss: 0.1203                     avg_val_loss: 0.1191  time: 136s
[2021-04-29 13:53:04,667][__main__][INFO] - Epoch: 14 - Val_loss: 0.11911690898487763 - Dice: 0.9366332292556763
[2021-04-29 13:53:04,667][__main__][INFO] - Number of bad epochs 11
[2021-04-29 13:53:04,667][__main__][INFO] - Stop the training, since the score has not improved for 10 epochs!
[2021-04-29 13:53:04,853][__main__][INFO] - AFTER TRAINING FOLD 2: Epoch 3: Best Dice score: 0.9389
[2021-04-29 13:53:08,201][__main__][INFO] - ----------------------------------------------------------------------------------------------------
[2021-04-29 13:53:08,201][__main__][INFO] - Start training FOLD 3...
[2021-04-29 13:55:31,851][__main__][INFO] - Current learning rate: 0.0001
[2021-04-29 13:55:31,851][__main__][INFO] - Epoch 1 - avg_train_loss: 0.1296                     avg_val_loss: 0.1132  time: 144s
[2021-04-29 13:55:31,852][__main__][INFO] - Epoch: 1 - Val_loss: 0.113165995101971 - Dice: 0.9393188953399658
[2021-04-29 13:55:31,853][__main__][INFO] - Epoch 1 - Save Best Dice: 0.9393
[2021-04-29 13:55:32,034][__main__][INFO] - Number of bad epochs 0
[2021-04-29 13:57:55,768][__main__][INFO] - Current learning rate: 0.0001
[2021-04-29 13:57:55,769][__main__][INFO] - Epoch 2 - avg_train_loss: 0.1251                     avg_val_loss: 0.1045  time: 144s
[2021-04-29 13:57:55,769][__main__][INFO] - Epoch: 2 - Val_loss: 0.10445687776129949 - Dice: 0.9449134469032288
[2021-04-29 13:57:55,771][__main__][INFO] - Epoch 2 - Save Best Dice: 0.9449
[2021-04-29 13:57:56,014][__main__][INFO] - Number of bad epochs 0
[2021-04-29 14:00:21,409][__main__][INFO] - Current learning rate: 0.0001
[2021-04-29 14:00:21,409][__main__][INFO] - Epoch 3 - avg_train_loss: 0.1291                     avg_val_loss: 0.1056  time: 145s
[2021-04-29 14:00:21,410][__main__][INFO] - Epoch: 3 - Val_loss: 0.10555328775668091 - Dice: 0.9442639946937561
[2021-04-29 14:00:21,410][__main__][INFO] - Number of bad epochs 1
[2021-04-29 14:02:44,546][__main__][INFO] - Current learning rate: 0.0001
[2021-04-29 14:02:44,546][__main__][INFO] - Epoch 4 - avg_train_loss: 0.1288                     avg_val_loss: 0.1123  time: 143s
[2021-04-29 14:02:44,547][__main__][INFO] - Epoch: 4 - Val_loss: 0.11232762286509748 - Dice: 0.940455436706543
[2021-04-29 14:02:44,548][__main__][INFO] - Number of bad epochs 2
[2021-04-29 14:05:05,616][__main__][INFO] - Current learning rate: 0.0001
[2021-04-29 14:05:05,617][__main__][INFO] - Epoch 5 - avg_train_loss: 0.1266                     avg_val_loss: 0.1080  time: 141s
[2021-04-29 14:05:05,617][__main__][INFO] - Epoch: 5 - Val_loss: 0.10799910329662248 - Dice: 0.9422432780265808
[2021-04-29 14:05:05,619][__main__][INFO] - Number of bad epochs 3
[2021-04-29 14:07:28,733][__main__][INFO] - Current learning rate: 0.0001
[2021-04-29 14:07:28,733][__main__][INFO] - Epoch 6 - avg_train_loss: 0.1237                     avg_val_loss: 0.1077  time: 143s
[2021-04-29 14:07:28,733][__main__][INFO] - Epoch: 6 - Val_loss: 0.10773684642795978 - Dice: 0.943004846572876
[2021-04-29 14:07:28,735][__main__][INFO] - Number of bad epochs 4
[2021-04-29 14:09:52,700][__main__][INFO] - Current learning rate: 0.0001
[2021-04-29 14:09:52,701][__main__][INFO] - Epoch 7 - avg_train_loss: 0.1257                     avg_val_loss: 0.1118  time: 144s
[2021-04-29 14:09:52,701][__main__][INFO] - Epoch: 7 - Val_loss: 0.11176562163887954 - Dice: 0.9407553672790527
[2021-04-29 14:09:52,703][__main__][INFO] - Number of bad epochs 5
[2021-04-29 14:12:16,479][__main__][INFO] - Current learning rate: 0.0001
[2021-04-29 14:12:16,480][__main__][INFO] - Epoch 8 - avg_train_loss: 0.1242                     avg_val_loss: 0.1086  time: 144s
[2021-04-29 14:12:16,480][__main__][INFO] - Epoch: 8 - Val_loss: 0.10859232916271608 - Dice: 0.941574215888977
[2021-04-29 14:12:16,482][__main__][INFO] - Number of bad epochs 6
[2021-04-29 14:14:40,584][__main__][INFO] - Current learning rate: 0.0001
[2021-04-29 14:14:40,585][__main__][INFO] - Epoch 9 - avg_train_loss: 0.1291                     avg_val_loss: 0.1144  time: 144s
[2021-04-29 14:14:40,585][__main__][INFO] - Epoch: 9 - Val_loss: 0.11441418323707157 - Dice: 0.9382706880569458
[2021-04-29 14:14:40,588][__main__][INFO] - Number of bad epochs 7
[2021-04-29 14:17:04,379][__main__][INFO] - Current learning rate: 0.0001
[2021-04-29 14:17:04,380][__main__][INFO] - Epoch 10 - avg_train_loss: 0.1264                     avg_val_loss: 0.1168  time: 144s
[2021-04-29 14:17:04,380][__main__][INFO] - Epoch: 10 - Val_loss: 0.11675216009770159 - Dice: 0.9378897547721863
[2021-04-29 14:17:04,382][__main__][INFO] - Number of bad epochs 8
[2021-04-29 14:19:28,224][__main__][INFO] - Current learning rate: 0.0001
[2021-04-29 14:19:28,225][__main__][INFO] - Epoch 11 - avg_train_loss: 0.1230                     avg_val_loss: 0.1064  time: 144s
[2021-04-29 14:19:28,225][__main__][INFO] - Epoch: 11 - Val_loss: 0.10641681870441479 - Dice: 0.9437367916107178
[2021-04-29 14:19:28,227][__main__][INFO] - Number of bad epochs 9
[2021-04-29 14:21:52,913][__main__][INFO] - Current learning rate: 0.0001
[2021-04-29 14:21:52,914][__main__][INFO] - Epoch 12 - avg_train_loss: 0.1205                     avg_val_loss: 0.1014  time: 145s
[2021-04-29 14:21:52,914][__main__][INFO] - Epoch: 12 - Val_loss: 0.10143306197189703 - Dice: 0.9465633034706116
[2021-04-29 14:21:52,915][__main__][INFO] - Epoch 12 - Save Best Dice: 0.9466
[2021-04-29 14:21:53,152][__main__][INFO] - Number of bad epochs 0
[2021-04-29 14:24:17,797][__main__][INFO] - Current learning rate: 0.0001
[2021-04-29 14:24:17,798][__main__][INFO] - Epoch 13 - avg_train_loss: 0.1275                     avg_val_loss: 0.1061  time: 145s
[2021-04-29 14:24:17,798][__main__][INFO] - Epoch: 13 - Val_loss: 0.1060648606780363 - Dice: 0.9438919425010681
[2021-04-29 14:24:17,799][__main__][INFO] - Number of bad epochs 1
[2021-04-29 14:26:40,467][__main__][INFO] - Current learning rate: 0.0001
[2021-04-29 14:26:40,468][__main__][INFO] - Epoch 14 - avg_train_loss: 0.1330                     avg_val_loss: 0.1240  time: 143s
[2021-04-29 14:26:40,468][__main__][INFO] - Epoch: 14 - Val_loss: 0.12396868739582746 - Dice: 0.9328593015670776
[2021-04-29 14:26:40,469][__main__][INFO] - Number of bad epochs 2
[2021-04-29 14:29:04,335][__main__][INFO] - Current learning rate: 0.0001
[2021-04-29 14:29:04,335][__main__][INFO] - Epoch 15 - avg_train_loss: 0.1262                     avg_val_loss: 0.1244  time: 144s
[2021-04-29 14:29:04,336][__main__][INFO] - Epoch: 15 - Val_loss: 0.12437345077616148 - Dice: 0.9324982762336731
[2021-04-29 14:29:04,336][__main__][INFO] - Number of bad epochs 3
[2021-04-29 14:31:28,612][__main__][INFO] - Current learning rate: 0.0001
[2021-04-29 14:31:28,613][__main__][INFO] - Epoch 16 - avg_train_loss: 0.1244                     avg_val_loss: 0.1173  time: 144s
[2021-04-29 14:31:28,613][__main__][INFO] - Epoch: 16 - Val_loss: 0.11733976938243451 - Dice: 0.9365605711936951
[2021-04-29 14:31:28,615][__main__][INFO] - Number of bad epochs 4
[2021-04-29 14:33:50,524][__main__][INFO] - Current learning rate: 0.0001
[2021-04-29 14:33:50,525][__main__][INFO] - Epoch 17 - avg_train_loss: 0.1223                     avg_val_loss: 0.1173  time: 142s
[2021-04-29 14:33:50,525][__main__][INFO] - Epoch: 17 - Val_loss: 0.11728934464592099 - Dice: 0.9364726543426514
[2021-04-29 14:33:50,527][__main__][INFO] - Number of bad epochs 5
[2021-04-29 14:36:14,704][__main__][INFO] - Current learning rate: 0.0001
[2021-04-29 14:36:14,705][__main__][INFO] - Epoch 18 - avg_train_loss: 0.1174                     avg_val_loss: 0.1137  time: 144s
[2021-04-29 14:36:14,705][__main__][INFO] - Epoch: 18 - Val_loss: 0.11374024752767017 - Dice: 0.9388158321380615
[2021-04-29 14:36:14,706][__main__][INFO] - Number of bad epochs 6
[2021-04-29 14:38:38,705][__main__][INFO] - Current learning rate: 0.0001
[2021-04-29 14:38:38,706][__main__][INFO] - Epoch 19 - avg_train_loss: 0.1215                     avg_val_loss: 0.1208  time: 144s
[2021-04-29 14:38:38,706][__main__][INFO] - Epoch: 19 - Val_loss: 0.12079235032498176 - Dice: 0.9347988367080688
[2021-04-29 14:38:38,708][__main__][INFO] - Number of bad epochs 7
[2021-04-29 14:41:01,571][__main__][INFO] - Current learning rate: 0.0001
[2021-04-29 14:41:01,572][__main__][INFO] - Epoch 20 - avg_train_loss: 0.1183                     avg_val_loss: 0.1298  time: 143s
[2021-04-29 14:41:01,572][__main__][INFO] - Epoch: 20 - Val_loss: 0.12983087874833338 - Dice: 0.9292252659797668
[2021-04-29 14:41:01,573][__main__][INFO] - Number of bad epochs 8
[2021-04-29 14:43:26,378][__main__][INFO] - Current learning rate: 0.0001
[2021-04-29 14:43:26,379][__main__][INFO] - Epoch 21 - avg_train_loss: 0.1224                     avg_val_loss: 0.1340  time: 145s
[2021-04-29 14:43:26,379][__main__][INFO] - Epoch: 21 - Val_loss: 0.13399022989421092 - Dice: 0.9266053438186646
[2021-04-29 14:43:26,380][__main__][INFO] - Number of bad epochs 9
[2021-04-29 14:45:50,093][__main__][INFO] - Current learning rate: 0.0001
[2021-04-29 14:45:50,094][__main__][INFO] - Epoch 22 - avg_train_loss: 0.1208                     avg_val_loss: 0.1158  time: 144s
[2021-04-29 14:45:50,094][__main__][INFO] - Epoch: 22 - Val_loss: 0.11581689621551074 - Dice: 0.9373733401298523
[2021-04-29 14:45:50,096][__main__][INFO] - Number of bad epochs 10
[2021-04-29 14:48:12,866][__main__][INFO] - Current learning rate: 0.0001
[2021-04-29 14:48:12,867][__main__][INFO] - Epoch 23 - avg_train_loss: 0.1216                     avg_val_loss: 0.1097  time: 143s
[2021-04-29 14:48:12,867][__main__][INFO] - Epoch: 23 - Val_loss: 0.10965396995819329 - Dice: 0.9418213963508606
[2021-04-29 14:48:12,868][__main__][INFO] - Number of bad epochs 11
[2021-04-29 14:48:12,869][__main__][INFO] - Stop the training, since the score has not improved for 10 epochs!
[2021-04-29 14:48:13,049][__main__][INFO] - AFTER TRAINING FOLD 3: Epoch 12: Best Dice score: 0.9466
[2021-04-29 14:48:16,198][__main__][INFO] - ----------------------------------------------------------------------------------------------------
[2021-04-29 14:48:16,198][__main__][INFO] - Start training FOLD 4...
[2021-04-29 14:50:45,297][__main__][INFO] - Current learning rate: 0.0001
[2021-04-29 14:50:45,298][__main__][INFO] - Epoch 1 - avg_train_loss: 0.1225                     avg_val_loss: 0.1038  time: 149s
[2021-04-29 14:50:45,298][__main__][INFO] - Epoch: 1 - Val_loss: 0.1038267226234032 - Dice: 0.9453178644180298
[2021-04-29 14:50:45,299][__main__][INFO] - Epoch 1 - Save Best Dice: 0.9453
[2021-04-29 14:50:45,467][__main__][INFO] - Number of bad epochs 0
[2021-04-29 14:53:15,568][__main__][INFO] - Current learning rate: 0.0001
[2021-04-29 14:53:15,569][__main__][INFO] - Epoch 2 - avg_train_loss: 0.1201                     avg_val_loss: 0.1036  time: 150s
[2021-04-29 14:53:15,569][__main__][INFO] - Epoch: 2 - Val_loss: 0.10361394833924242 - Dice: 0.9454483985900879
[2021-04-29 14:53:15,571][__main__][INFO] - Epoch 2 - Save Best Dice: 0.9454
[2021-04-29 14:53:15,813][__main__][INFO] - Number of bad epochs 0
[2021-04-29 14:55:45,800][__main__][INFO] - Current learning rate: 0.0001
[2021-04-29 14:55:45,800][__main__][INFO] - Epoch 3 - avg_train_loss: 0.1217                     avg_val_loss: 0.1019  time: 150s
[2021-04-29 14:55:45,800][__main__][INFO] - Epoch: 3 - Val_loss: 0.10191891145111986 - Dice: 0.9464085102081299
[2021-04-29 14:55:45,801][__main__][INFO] - Epoch 3 - Save Best Dice: 0.9464
[2021-04-29 14:55:46,050][__main__][INFO] - Number of bad epochs 0
[2021-04-29 14:58:15,413][__main__][INFO] - Current learning rate: 0.0001
[2021-04-29 14:58:15,414][__main__][INFO] - Epoch 4 - avg_train_loss: 0.1268                     avg_val_loss: 0.1149  time: 149s
[2021-04-29 14:58:15,414][__main__][INFO] - Epoch: 4 - Val_loss: 0.11490989307005457 - Dice: 0.9391174912452698
[2021-04-29 14:58:15,415][__main__][INFO] - Number of bad epochs 1
[2021-04-29 15:00:46,495][__main__][INFO] - Current learning rate: 0.0001
[2021-04-29 15:00:46,495][__main__][INFO] - Epoch 5 - avg_train_loss: 0.1230                     avg_val_loss: 0.1035  time: 151s
[2021-04-29 15:00:46,496][__main__][INFO] - Epoch: 5 - Val_loss: 0.1034917844418796 - Dice: 0.94551020860672
[2021-04-29 15:00:46,498][__main__][INFO] - Number of bad epochs 2
[2021-04-29 15:02:51,985][__main__][INFO] - Current learning rate: 0.0001
[2021-04-29 15:02:51,986][__main__][INFO] - Epoch 6 - avg_train_loss: 0.1231                     avg_val_loss: 0.1081  time: 125s
[2021-04-29 15:02:51,986][__main__][INFO] - Epoch: 6 - Val_loss: 0.1081201937339759 - Dice: 0.9429004192352295
[2021-04-29 15:02:51,986][__main__][INFO] - Number of bad epochs 3
[2021-04-29 15:04:06,545][__main__][INFO] - Current learning rate: 0.0001
[2021-04-29 15:04:06,545][__main__][INFO] - Epoch 7 - avg_train_loss: 0.1236                     avg_val_loss: 0.1098  time: 75s
[2021-04-29 15:04:06,545][__main__][INFO] - Epoch: 7 - Val_loss: 0.10981892481028477 - Dice: 0.9419106841087341
[2021-04-29 15:04:06,546][__main__][INFO] - Number of bad epochs 4
[2021-04-29 15:05:20,870][__main__][INFO] - Current learning rate: 0.0001
[2021-04-29 15:05:20,871][__main__][INFO] - Epoch 8 - avg_train_loss: 0.1187                     avg_val_loss: 0.1056  time: 74s
[2021-04-29 15:05:20,871][__main__][INFO] - Epoch: 8 - Val_loss: 0.10560125836702151 - Dice: 0.9442906379699707
[2021-04-29 15:05:20,871][__main__][INFO] - Number of bad epochs 5
[2021-04-29 15:06:35,288][__main__][INFO] - Current learning rate: 0.0001
[2021-04-29 15:06:35,288][__main__][INFO] - Epoch 9 - avg_train_loss: 0.1183                     avg_val_loss: 0.1036  time: 74s
[2021-04-29 15:06:35,289][__main__][INFO] - Epoch: 9 - Val_loss: 0.10357017439102457 - Dice: 0.9454358816146851
[2021-04-29 15:06:35,289][__main__][INFO] - Number of bad epochs 6
[2021-04-29 15:07:50,755][__main__][INFO] - Current learning rate: 0.0001
[2021-04-29 15:07:50,756][__main__][INFO] - Epoch 10 - avg_train_loss: 0.1171                     avg_val_loss: 0.1055  time: 75s
[2021-04-29 15:07:50,756][__main__][INFO] - Epoch: 10 - Val_loss: 0.10548821806536285 - Dice: 0.9443754553794861
[2021-04-29 15:07:50,756][__main__][INFO] - Number of bad epochs 7
[2021-04-29 15:09:05,517][__main__][INFO] - Current learning rate: 0.0001
[2021-04-29 15:09:05,518][__main__][INFO] - Epoch 11 - avg_train_loss: 0.1217                     avg_val_loss: 0.1048  time: 75s
[2021-04-29 15:09:05,518][__main__][INFO] - Epoch: 11 - Val_loss: 0.1048438088544804 - Dice: 0.944695770740509
[2021-04-29 15:09:05,518][__main__][INFO] - Number of bad epochs 8
[2021-04-29 15:10:20,112][__main__][INFO] - Current learning rate: 0.0001
[2021-04-29 15:10:20,112][__main__][INFO] - Epoch 12 - avg_train_loss: 0.1190                     avg_val_loss: 0.1044  time: 75s
[2021-04-29 15:10:20,112][__main__][INFO] - Epoch: 12 - Val_loss: 0.10441565012263361 - Dice: 0.9449352025985718
[2021-04-29 15:10:20,113][__main__][INFO] - Number of bad epochs 9
[2021-04-29 15:11:35,482][__main__][INFO] - Current learning rate: 0.0001
[2021-04-29 15:11:35,483][__main__][INFO] - Epoch 13 - avg_train_loss: 0.1194                     avg_val_loss: 0.1020  time: 75s
[2021-04-29 15:11:35,483][__main__][INFO] - Epoch: 13 - Val_loss: 0.1019676624800186 - Dice: 0.9462969899177551
[2021-04-29 15:11:35,483][__main__][INFO] - Number of bad epochs 10
[2021-04-29 15:13:49,198][__main__][INFO] - Current learning rate: 0.0001
[2021-04-29 15:13:49,198][__main__][INFO] - Epoch 14 - avg_train_loss: 0.1210                     avg_val_loss: 0.1096  time: 134s
[2021-04-29 15:13:49,198][__main__][INFO] - Epoch: 14 - Val_loss: 0.10963326599739051 - Dice: 0.9420616626739502
[2021-04-29 15:13:49,201][__main__][INFO] - Number of bad epochs 11
[2021-04-29 15:13:49,201][__main__][INFO] - Stop the training, since the score has not improved for 10 epochs!
[2021-04-29 15:13:49,370][__main__][INFO] - AFTER TRAINING FOLD 4: Epoch 3: Best Dice score: 0.9464
[2021-04-29 15:13:49,371][__main__][INFO] - Array with best scores for corresponding folds: [[0.93685228]
 [0.93933076]
 [0.93893105]
 [0.9465633 ]
 [0.94640851]]
[2021-04-29 15:13:49,371][__main__][INFO] - Average score: 0.9416
